<?xml version="1.0" encoding="UTF-8"?>
<!-- Generated by org.testng.reporters.JUnitReportReporter -->
<testsuite hostname="LAPTOP-VP4GFQ0G" failures="5" tests="42" name="eost.LicenseTest" time="0.027" errors="0" timestamp="2023-11-20T16:02:54 CST" skipped="0">
  <testcase classname="eost.LicenseTest" name="test_premium" time="0.000">
    <failure message="expected [GRANTED] but found [DENIED]" type="java.lang.AssertionError">
      <![CDATA[java.lang.AssertionError: expected [GRANTED] but found [DENIED]
at org.testng.Assert.fail(Assert.java:97)
at org.testng.Assert.assertEqualsImpl(Assert.java:136)
at org.testng.Assert.assertEquals(Assert.java:118)
at org.testng.Assert.assertEquals(Assert.java:563)
at eost.LicenseTest.test_premium(LicenseTest.java:75)
at java.base/jdk.internal.reflect.DirectMethodHandleAccessor.invoke(DirectMethodHandleAccessor.java:104)
at java.base/java.lang.reflect.Method.invoke(Method.java:577)
at org.testng.internal.MethodInvocationHelper.invokeMethod(MethodInvocationHelper.java:134)
at org.testng.internal.TestInvoker.invokeMethod(TestInvoker.java:597)
at org.testng.internal.TestInvoker.invokeTestMethod(TestInvoker.java:173)
at org.testng.internal.MethodRunner.runInSequence(MethodRunner.java:46)
at org.testng.internal.TestInvoker$MethodInvocationAgent.invoke(TestInvoker.java:816)
at org.testng.internal.TestInvoker.invokeTestMethods(TestInvoker.java:146)
at org.testng.internal.TestMethodWorker.invokeTestMethods(TestMethodWorker.java:146)
at org.testng.internal.TestMethodWorker.run(TestMethodWorker.java:128)
at java.base/java.util.ArrayList.forEach(ArrayList.java:1511)
at org.testng.TestRunner.privateRun(TestRunner.java:766)
at org.testng.TestRunner.run(TestRunner.java:587)
at org.testng.SuiteRunner.runTest(SuiteRunner.java:384)
at org.testng.SuiteRunner.runSequentially(SuiteRunner.java:378)
at org.testng.SuiteRunner.privateRun(SuiteRunner.java:337)
at org.testng.SuiteRunner.run(SuiteRunner.java:286)
at org.testng.SuiteRunnerWorker.runSuite(SuiteRunnerWorker.java:53)
at org.testng.SuiteRunnerWorker.run(SuiteRunnerWorker.java:96)
at org.testng.TestNG.runSuitesSequentially(TestNG.java:1187)
at org.testng.TestNG.runSuitesLocally(TestNG.java:1109)
at org.testng.TestNG.runSuites(TestNG.java:1039)
at org.testng.TestNG.run(TestNG.java:1007)
at org.testng.TestNG.privateMain(TestNG.java:1336)
at org.testng.TestNG.main(TestNG.java:1304)
]]>
    </failure>
  </testcase> <!-- test_premium -->
  <system-out/>
  <testcase classname="eost.LicenseTest" name="test_premium" time="0.000"/>
  <system-out/>
  <testcase classname="eost.LicenseTest" name="test_premium" time="0.000">
    <failure message="expected [DENIED] but found [GRANTED]" type="java.lang.AssertionError">
      <![CDATA[java.lang.AssertionError: expected [DENIED] but found [GRANTED]
at org.testng.Assert.fail(Assert.java:97)
at org.testng.Assert.assertEqualsImpl(Assert.java:136)
at org.testng.Assert.assertEquals(Assert.java:118)
at org.testng.Assert.assertEquals(Assert.java:563)
at eost.LicenseTest.test_premium(LicenseTest.java:75)
at java.base/jdk.internal.reflect.DirectMethodHandleAccessor.invoke(DirectMethodHandleAccessor.java:104)
at java.base/java.lang.reflect.Method.invoke(Method.java:577)
at org.testng.internal.MethodInvocationHelper.invokeMethod(MethodInvocationHelper.java:134)
at org.testng.internal.TestInvoker.invokeMethod(TestInvoker.java:597)
at org.testng.internal.TestInvoker.invokeTestMethod(TestInvoker.java:173)
at org.testng.internal.MethodRunner.runInSequence(MethodRunner.java:46)
at org.testng.internal.TestInvoker$MethodInvocationAgent.invoke(TestInvoker.java:816)
at org.testng.internal.TestInvoker.invokeTestMethods(TestInvoker.java:146)
at org.testng.internal.TestMethodWorker.invokeTestMethods(TestMethodWorker.java:146)
at org.testng.internal.TestMethodWorker.run(TestMethodWorker.java:128)
at java.base/java.util.ArrayList.forEach(ArrayList.java:1511)
at org.testng.TestRunner.privateRun(TestRunner.java:766)
at org.testng.TestRunner.run(TestRunner.java:587)
at org.testng.SuiteRunner.runTest(SuiteRunner.java:384)
at org.testng.SuiteRunner.runSequentially(SuiteRunner.java:378)
at org.testng.SuiteRunner.privateRun(SuiteRunner.java:337)
at org.testng.SuiteRunner.run(SuiteRunner.java:286)
at org.testng.SuiteRunnerWorker.runSuite(SuiteRunnerWorker.java:53)
at org.testng.SuiteRunnerWorker.run(SuiteRunnerWorker.java:96)
at org.testng.TestNG.runSuitesSequentially(TestNG.java:1187)
at org.testng.TestNG.runSuitesLocally(TestNG.java:1109)
at org.testng.TestNG.runSuites(TestNG.java:1039)
at org.testng.TestNG.run(TestNG.java:1007)
at org.testng.TestNG.privateMain(TestNG.java:1336)
at org.testng.TestNG.main(TestNG.java:1304)
]]>
    </failure>
  </testcase> <!-- test_premium -->
  <system-out/>
  <testcase classname="eost.LicenseTest" name="test_premium" time="0.000"/>
  <system-out/>
  <testcase classname="eost.LicenseTest" name="test_premium" time="0.001"/>
  <system-out/>
  <testcase classname="eost.LicenseTest" name="test_premium" time="0.000"/>
  <system-out/>
  <testcase classname="eost.LicenseTest" name="test_premium" time="0.000"/>
  <system-out/>
  <testcase classname="eost.LicenseTest" name="test_premium" time="0.000"/>
  <system-out/>
  <testcase classname="eost.LicenseTest" name="test_premium" time="0.000">
    <failure message="expected [GRANTED] but found [DENIED]" type="java.lang.AssertionError">
      <![CDATA[java.lang.AssertionError: expected [GRANTED] but found [DENIED]
at org.testng.Assert.fail(Assert.java:97)
at org.testng.Assert.assertEqualsImpl(Assert.java:136)
at org.testng.Assert.assertEquals(Assert.java:118)
at org.testng.Assert.assertEquals(Assert.java:563)
at eost.LicenseTest.test_premium(LicenseTest.java:75)
at java.base/jdk.internal.reflect.DirectMethodHandleAccessor.invoke(DirectMethodHandleAccessor.java:104)
at java.base/java.lang.reflect.Method.invoke(Method.java:577)
at org.testng.internal.MethodInvocationHelper.invokeMethod(MethodInvocationHelper.java:134)
at org.testng.internal.TestInvoker.invokeMethod(TestInvoker.java:597)
at org.testng.internal.TestInvoker.invokeTestMethod(TestInvoker.java:173)
at org.testng.internal.MethodRunner.runInSequence(MethodRunner.java:46)
at org.testng.internal.TestInvoker$MethodInvocationAgent.invoke(TestInvoker.java:816)
at org.testng.internal.TestInvoker.invokeTestMethods(TestInvoker.java:146)
at org.testng.internal.TestMethodWorker.invokeTestMethods(TestMethodWorker.java:146)
at org.testng.internal.TestMethodWorker.run(TestMethodWorker.java:128)
at java.base/java.util.ArrayList.forEach(ArrayList.java:1511)
at org.testng.TestRunner.privateRun(TestRunner.java:766)
at org.testng.TestRunner.run(TestRunner.java:587)
at org.testng.SuiteRunner.runTest(SuiteRunner.java:384)
at org.testng.SuiteRunner.runSequentially(SuiteRunner.java:378)
at org.testng.SuiteRunner.privateRun(SuiteRunner.java:337)
at org.testng.SuiteRunner.run(SuiteRunner.java:286)
at org.testng.SuiteRunnerWorker.runSuite(SuiteRunnerWorker.java:53)
at org.testng.SuiteRunnerWorker.run(SuiteRunnerWorker.java:96)
at org.testng.TestNG.runSuitesSequentially(TestNG.java:1187)
at org.testng.TestNG.runSuitesLocally(TestNG.java:1109)
at org.testng.TestNG.runSuites(TestNG.java:1039)
at org.testng.TestNG.run(TestNG.java:1007)
at org.testng.TestNG.privateMain(TestNG.java:1336)
at org.testng.TestNG.main(TestNG.java:1304)
]]>
    </failure>
  </testcase> <!-- test_premium -->
  <system-out/>
  <testcase classname="eost.LicenseTest" name="test_premium" time="0.020"/>
  <system-out/>
  <testcase classname="eost.LicenseTest" name="test_premium" time="0.000"/>
  <system-out/>
  <testcase classname="eost.LicenseTest" name="test_premium" time="0.000"/>
  <system-out/>
  <testcase classname="eost.LicenseTest" name="test_premium" time="0.000"/>
  <system-out/>
  <testcase classname="eost.LicenseTest" name="test_premium" time="0.000"/>
  <system-out/>
  <testcase classname="eost.LicenseTest" name="test_premium" time="0.002">
    <failure message="expected [GRANTED] but found [DENIED]" type="java.lang.AssertionError">
      <![CDATA[java.lang.AssertionError: expected [GRANTED] but found [DENIED]
at org.testng.Assert.fail(Assert.java:97)
at org.testng.Assert.assertEqualsImpl(Assert.java:136)
at org.testng.Assert.assertEquals(Assert.java:118)
at org.testng.Assert.assertEquals(Assert.java:563)
at eost.LicenseTest.test_premium(LicenseTest.java:75)
at java.base/jdk.internal.reflect.DirectMethodHandleAccessor.invoke(DirectMethodHandleAccessor.java:104)
at java.base/java.lang.reflect.Method.invoke(Method.java:577)
at org.testng.internal.MethodInvocationHelper.invokeMethod(MethodInvocationHelper.java:134)
at org.testng.internal.TestInvoker.invokeMethod(TestInvoker.java:597)
at org.testng.internal.TestInvoker.invokeTestMethod(TestInvoker.java:173)
at org.testng.internal.MethodRunner.runInSequence(MethodRunner.java:46)
at org.testng.internal.TestInvoker$MethodInvocationAgent.invoke(TestInvoker.java:816)
at org.testng.internal.TestInvoker.invokeTestMethods(TestInvoker.java:146)
at org.testng.internal.TestMethodWorker.invokeTestMethods(TestMethodWorker.java:146)
at org.testng.internal.TestMethodWorker.run(TestMethodWorker.java:128)
at java.base/java.util.ArrayList.forEach(ArrayList.java:1511)
at org.testng.TestRunner.privateRun(TestRunner.java:766)
at org.testng.TestRunner.run(TestRunner.java:587)
at org.testng.SuiteRunner.runTest(SuiteRunner.java:384)
at org.testng.SuiteRunner.runSequentially(SuiteRunner.java:378)
at org.testng.SuiteRunner.privateRun(SuiteRunner.java:337)
at org.testng.SuiteRunner.run(SuiteRunner.java:286)
at org.testng.SuiteRunnerWorker.runSuite(SuiteRunnerWorker.java:53)
at org.testng.SuiteRunnerWorker.run(SuiteRunnerWorker.java:96)
at org.testng.TestNG.runSuitesSequentially(TestNG.java:1187)
at org.testng.TestNG.runSuitesLocally(TestNG.java:1109)
at org.testng.TestNG.runSuites(TestNG.java:1039)
at org.testng.TestNG.run(TestNG.java:1007)
at org.testng.TestNG.privateMain(TestNG.java:1336)
at org.testng.TestNG.main(TestNG.java:1304)
]]>
    </failure>
  </testcase> <!-- test_premium -->
  <system-out/>
  <testcase classname="eost.LicenseTest" name="test_premium" time="0.001"/>
  <system-out/>
  <testcase classname="eost.LicenseTest" name="test_premium" time="0.000"/>
  <system-out/>
  <testcase classname="eost.LicenseTest" name="test_premium" time="0.000"/>
  <system-out/>
  <testcase classname="eost.LicenseTest" name="test_premium" time="0.000"/>
  <system-out/>
  <testcase classname="eost.LicenseTest" name="test_premium" time="0.000"/>
  <system-out/>
  <testcase classname="eost.LicenseTest" name="test_premium" time="0.000"/>
  <system-out/>
  <testcase classname="eost.LicenseTest" name="test_premium" time="0.000"/>
  <system-out/>
  <testcase classname="eost.LicenseTest" name="test_premium" time="0.000"/>
  <system-out/>
  <testcase classname="eost.LicenseTest" name="test_premium" time="0.000"/>
  <system-out/>
  <testcase classname="eost.LicenseTest" name="test_premium" time="0.000"/>
  <system-out/>
  <testcase classname="eost.LicenseTest" name="test_premium" time="0.000"/>
  <system-out/>
  <testcase classname="eost.LicenseTest" name="test_premium" time="0.001"/>
  <system-out/>
  <testcase classname="eost.LicenseTest" name="test_premium" time="0.000"/>
  <system-out/>
  <testcase classname="eost.LicenseTest" name="test_premium" time="0.000"/>
  <system-out/>
  <testcase classname="eost.LicenseTest" name="test_premium" time="0.000"/>
  <system-out/>
  <testcase classname="eost.LicenseTest" name="test_premium" time="0.000"/>
  <system-out/>
  <testcase classname="eost.LicenseTest" name="test_premium" time="0.000"/>
  <system-out/>
  <testcase classname="eost.LicenseTest" name="test_premium" time="0.000">
    <failure message="expected [TEMPORARY] but found [DENIED]" type="java.lang.AssertionError">
      <![CDATA[java.lang.AssertionError: expected [TEMPORARY] but found [DENIED]
at org.testng.Assert.fail(Assert.java:97)
at org.testng.Assert.assertEqualsImpl(Assert.java:136)
at org.testng.Assert.assertEquals(Assert.java:118)
at org.testng.Assert.assertEquals(Assert.java:563)
at eost.LicenseTest.test_premium(LicenseTest.java:75)
at java.base/jdk.internal.reflect.DirectMethodHandleAccessor.invoke(DirectMethodHandleAccessor.java:104)
at java.base/java.lang.reflect.Method.invoke(Method.java:577)
at org.testng.internal.MethodInvocationHelper.invokeMethod(MethodInvocationHelper.java:134)
at org.testng.internal.TestInvoker.invokeMethod(TestInvoker.java:597)
at org.testng.internal.TestInvoker.invokeTestMethod(TestInvoker.java:173)
at org.testng.internal.MethodRunner.runInSequence(MethodRunner.java:46)
at org.testng.internal.TestInvoker$MethodInvocationAgent.invoke(TestInvoker.java:816)
at org.testng.internal.TestInvoker.invokeTestMethods(TestInvoker.java:146)
at org.testng.internal.TestMethodWorker.invokeTestMethods(TestMethodWorker.java:146)
at org.testng.internal.TestMethodWorker.run(TestMethodWorker.java:128)
at java.base/java.util.ArrayList.forEach(ArrayList.java:1511)
at org.testng.TestRunner.privateRun(TestRunner.java:766)
at org.testng.TestRunner.run(TestRunner.java:587)
at org.testng.SuiteRunner.runTest(SuiteRunner.java:384)
at org.testng.SuiteRunner.runSequentially(SuiteRunner.java:378)
at org.testng.SuiteRunner.privateRun(SuiteRunner.java:337)
at org.testng.SuiteRunner.run(SuiteRunner.java:286)
at org.testng.SuiteRunnerWorker.runSuite(SuiteRunnerWorker.java:53)
at org.testng.SuiteRunnerWorker.run(SuiteRunnerWorker.java:96)
at org.testng.TestNG.runSuitesSequentially(TestNG.java:1187)
at org.testng.TestNG.runSuitesLocally(TestNG.java:1109)
at org.testng.TestNG.runSuites(TestNG.java:1039)
at org.testng.TestNG.run(TestNG.java:1007)
at org.testng.TestNG.privateMain(TestNG.java:1336)
at org.testng.TestNG.main(TestNG.java:1304)
]]>
    </failure>
  </testcase> <!-- test_premium -->
  <system-out/>
  <testcase classname="eost.LicenseTest" name="test_premium" time="0.001"/>
  <system-out/>
  <testcase classname="eost.LicenseTest" name="test_premium" time="0.001"/>
  <system-out/>
  <testcase classname="eost.LicenseTest" name="test_premium" time="0.000"/>
  <system-out/>
  <testcase classname="eost.LicenseTest" name="test_premium" time="0.000"/>
  <system-out/>
  <testcase classname="eost.LicenseTest" name="test_premium" time="0.000"/>
  <system-out/>
  <testcase classname="eost.LicenseTest" name="test_premium" time="0.000"/>
  <system-out/>
  <testcase classname="eost.LicenseTest" name="test_premium" time="0.000"/>
  <system-out/>
  <testcase classname="eost.LicenseTest" name="test_premium" time="0.000"/>
  <system-out/>
  <testcase classname="eost.LicenseTest" name="test_premium" time="0.000"/>
  <system-out/>
</testsuite> <!-- eost.LicenseTest -->
